<?xml version="1.0" encoding="UTF-8"?>
<!-- Generated by org.testng.reporters.JUnitXMLReporter -->
<testsuite hostname="DXCINDAI683957" ignored="0" name="Test" tests="6" failures="0" timestamp="26 Apr 2019 09:05:09 GMT" time="81.117" errors="0">
  <testcase name="gmail" time="4.071" classname="package1.Test1"/>
  <testcase name="yahoo" time="39.254" classname="package1.Test2"/>
  <testcase name="rediffmail" time="2.569" classname="package1.Test3"/>
  <testcase name="flipkart" time="7.967" classname="package1.Test4"/>
  <testcase name="amazon" time="7.559" classname="package1.Test5"/>
  <testcase name="myntra" time="7.673" classname="package1.Test6"/>
</testsuite> <!-- Test -->
