<?xml version="1.0" encoding="UTF-8"?>
<!-- Generated by org.testng.reporters.JUnitXMLReporter -->
<testsuite hostname="DXCINDAI683957" ignored="0" name="Ecommerce site" tests="3" failures="0" timestamp="26 Apr 2019 09:19:35 GMT" time="26.579" errors="0">
  <testcase name="flipkart" time="9.039" classname="package1.Test4"/>
  <testcase name="amazon" time="4.899" classname="package1.Test5"/>
  <testcase name="myntra" time="9.065" classname="package1.Test6"/>
</testsuite> <!-- Ecommerce site -->
