<?xml version="1.0" encoding="UTF-8"?>
<testng-results skipped="0" failed="0" ignored="0" total="6" passed="6">
  <reporter-output>
  </reporter-output>
  <suite name="Suite1" duration-ms="85249" started-at="2019-04-26T09:18:10Z" finished-at="2019-04-26T09:19:35Z">
    <groups>
    </groups>
    <test name="Email id" duration-ms="58563" started-at="2019-04-26T09:18:10Z" finished-at="2019-04-26T09:19:09Z">
      <class name="package1.Test3">
        <test-method status="PASS" signature="rediffmail()[pri:0, instance:package1.Test3@59f99ea]" name="rediffmail" duration-ms="3146" started-at="2019-04-26T09:19:05Z" finished-at="2019-04-26T09:19:09Z">
          <reporter-output>
          </reporter-output>
        </test-method> <!-- rediffmail -->
      </class> <!-- package1.Test3 -->
      <class name="package1.Test1">
        <test-method status="PASS" signature="setup()[pri:0, instance:package1.Test1@68c4039c]" name="setup" is-config="true" duration-ms="8424" started-at="2019-04-26T09:18:10Z" finished-at="2019-04-26T09:18:18Z">
          <reporter-output>
          </reporter-output>
        </test-method> <!-- setup -->
        <test-method status="PASS" signature="gmail()[pri:0, instance:package1.Test1@68c4039c]" name="gmail" duration-ms="5581" started-at="2019-04-26T09:18:18Z" finished-at="2019-04-26T09:18:24Z">
          <reporter-output>
          </reporter-output>
        </test-method> <!-- gmail -->
      </class> <!-- package1.Test1 -->
      <class name="package1.Test2">
        <test-method status="PASS" signature="yahoo()[pri:0, instance:package1.Test2@ae45eb6]" name="yahoo" duration-ms="41278" started-at="2019-04-26T09:18:24Z" finished-at="2019-04-26T09:19:05Z">
          <reporter-output>
          </reporter-output>
        </test-method> <!-- yahoo -->
      </class> <!-- package1.Test2 -->
    </test> <!-- Email id -->
    <test name="Ecommerce site" duration-ms="26579" started-at="2019-04-26T09:19:09Z" finished-at="2019-04-26T09:19:35Z">
      <class name="package1.Test4">
        <test-method status="PASS" signature="setup()[pri:0, instance:package1.Test4@3abbfa04]" name="setup" is-config="true" duration-ms="3557" started-at="2019-04-26T09:19:09Z" finished-at="2019-04-26T09:19:12Z">
          <reporter-output>
          </reporter-output>
        </test-method> <!-- setup -->
        <test-method status="PASS" signature="flipkart()[pri:0, instance:package1.Test4@3abbfa04]" name="flipkart" duration-ms="9039" started-at="2019-04-26T09:19:12Z" finished-at="2019-04-26T09:19:21Z">
          <reporter-output>
          </reporter-output>
        </test-method> <!-- flipkart -->
      </class> <!-- package1.Test4 -->
      <class name="package1.Test5">
        <test-method status="PASS" signature="amazon()[pri:0, instance:package1.Test5@57fffcd7]" name="amazon" duration-ms="4899" started-at="2019-04-26T09:19:21Z" finished-at="2019-04-26T09:19:26Z">
          <reporter-output>
          </reporter-output>
        </test-method> <!-- amazon -->
      </class> <!-- package1.Test5 -->
      <class name="package1.Test6">
        <test-method status="PASS" signature="myntra()[pri:0, instance:package1.Test6@31ef45e3]" name="myntra" duration-ms="9065" started-at="2019-04-26T09:19:26Z" finished-at="2019-04-26T09:19:35Z">
          <reporter-output>
          </reporter-output>
        </test-method> <!-- myntra -->
      </class> <!-- package1.Test6 -->
    </test> <!-- Ecommerce site -->
  </suite> <!-- Suite1 -->
</testng-results>
